27	
27	
27	
27	
27	
27	
27	
27	
355	
355	
80	
355	
355	
27	
355	
27	
27	
80	
27	
27	
27	
27	
27	
27	
27	
27	
27	
27	
27	
27	
27	
27	
27	
27	
27	
27	
27	
27	
27	
27	
27	
27	
27	
27	
80	
80	
80	
27	
27	
27	
27	
80	
27	
80	
27	
27	
80	
27	
27	
355	
355	
80	
80	
27	
27	
80	
80	
355	
80	
80	
80	
80	
80	
80	
80	
80	
80	
80	
80	
80	
80	
80	
80	
80	
80	
80	
355	
355	
355	
355	
355	
80	
80	
80	
80	
80	
112	
112	
112	
112	
112	
112	
112	
112	
112	
112	
112	
112	
112	
112	
112	
112	
112	
112	
129	
129	
112	
112	
112	
112	
112	
129	
129	
129	
129	
129	
129	
129	
129	
129	
173	
173	
173	
129	
112	
129	
129	
129	
129	
112	
112	
112	
129	
129	
129	
129	
129	
129	
129	
129	
129	
129	
173	
173	
223	
223	
208	
208	
173	
173	
246	
246	
246	
246	
129	
246	
246	
173	
173	
173	
173	
173	
173	
246	
173	
173	
223	
208	
223	
223	
223	
185	
185	
185	
185	
185	
217	
217	
208	
208	
223	
223	
208	
208	
217	
217	
217	
217	
217	
217	
217	
217	
217	
208	
223	
208	
208	
208	
208	
208	
208	
246	
173	
223	
217	
208	
217	
217	
217	
217	
208	
223	
223	
217	
223	
246	
246	
173	
173	
173	
173	
208	
223	
223	
246	
246	
173	
223	
208	
208	
217	
217	
223	
246	
246	
246	
246	
246	
129	
129	
129	
129	
129	
129	
129	
129	
246	
246	
246	
246	
246	
246	
129	
129	
129	
129	
129	
129	
129	
129	
112	
112	
112	
112	
112	
112	
129	
302	
129	
129	
112	
112	
302	
112	
112	
302	
302	
302	
302	
302	
302	
302	
302	
302	
302	
302	
302	
302	
302	
302	
302	
302	
302	
302	
112	
302	
302	
302	
302	
302	
129	
129	
302	
302	
302	
302	
355	
355	
302	
302	
302	
302	
302	
355	
80	
27	
27	
27	
27	
27	
27	
27	
355	
355	
355	
355	
355	
355	
355	
355	
355	
355	
355	
27	
27	
80	
80	
80	
355	
355	
355	
355	
355	
355	
355	
355	
355	
355	
355	
355	
80	
355	
80	
355	
80	
